c:\users\user\desktop\academy_2q-project\d2dengine\x64\debug\d2dengine.pch
c:\users\user\desktop\academy_2q-project\x64\debug\d2dengine.pdb
c:\users\user\desktop\academy_2q-project\x64\debug\d2dengine.idb
c:\users\user\desktop\academy_2q-project\d2dengine\x64\debug\pch.obj
c:\users\user\desktop\academy_2q-project\d2dengine\x64\debug\rigidbody2d.obj
c:\users\user\desktop\academy_2q-project\d2dengine\x64\debug\resourcemanager.obj
c:\users\user\desktop\academy_2q-project\d2dengine\x64\debug\renderer.obj
c:\users\user\desktop\academy_2q-project\d2dengine\x64\debug\referencecounter.obj
c:\users\user\desktop\academy_2q-project\d2dengine\x64\debug\publicdata.obj
c:\users\user\desktop\academy_2q-project\d2dengine\x64\debug\object.obj
c:\users\user\desktop\academy_2q-project\d2dengine\x64\debug\movement.obj
c:\users\user\desktop\academy_2q-project\d2dengine\x64\debug\inputmanager.obj
c:\users\user\desktop\academy_2q-project\d2dengine\x64\debug\gameobject.obj
c:\users\user\desktop\academy_2q-project\d2dengine\x64\debug\finitestatemachine.obj
c:\users\user\desktop\academy_2q-project\d2dengine\x64\debug\eventsystem.obj
c:\users\user\desktop\academy_2q-project\d2dengine\x64\debug\deltatime.obj
c:\users\user\desktop\academy_2q-project\d2dengine\x64\debug\d2drenderer.obj
c:\users\user\desktop\academy_2q-project\d2dengine\x64\debug\d2dengine.obj
c:\users\user\desktop\academy_2q-project\d2dengine\x64\debug\component.obj
c:\users\user\desktop\academy_2q-project\d2dengine\x64\debug\collider.obj
c:\users\user\desktop\academy_2q-project\d2dengine\x64\debug\circlecollider.obj
c:\users\user\desktop\academy_2q-project\d2dengine\x64\debug\camera.obj
c:\users\user\desktop\academy_2q-project\d2dengine\x64\debug\boxcollider.obj
c:\users\user\desktop\academy_2q-project\d2dengine\x64\debug\aabb.obj
c:\users\user\desktop\academy_2q-project\d2dengine\x64\debug\wingameapp.obj
c:\users\user\desktop\academy_2q-project\d2dengine\x64\debug\transform.obj
c:\users\user\desktop\academy_2q-project\d2dengine\x64\debug\texture.obj
c:\users\user\desktop\academy_2q-project\d2dengine\x64\debug\textrenderer.obj
c:\users\user\desktop\academy_2q-project\d2dengine\x64\debug\testobject.obj
c:\users\user\desktop\academy_2q-project\d2dengine\x64\debug\spriterenderer.obj
c:\users\user\desktop\academy_2q-project\d2dengine\x64\debug\spriteanimationasset.obj
c:\users\user\desktop\academy_2q-project\d2dengine\x64\debug\spriteanimation.obj
c:\users\user\desktop\academy_2q-project\d2dengine\x64\debug\sprite.obj
c:\users\user\desktop\academy_2q-project\d2dengine\x64\debug\soundmanager.obj
c:\users\user\desktop\academy_2q-project\d2dengine\x64\debug\scenemanager.obj
c:\users\user\desktop\academy_2q-project\d2dengine\x64\debug\scene.obj
c:\users\user\desktop\academy_2q-project\x64\debug\d2dengine.lib
c:\users\user\desktop\academy_2q-project\d2dengine\x64\debug\d2dengine.tlog\cl.command.1.tlog
c:\users\user\desktop\academy_2q-project\d2dengine\x64\debug\d2dengine.tlog\cl.items.tlog
c:\users\user\desktop\academy_2q-project\d2dengine\x64\debug\d2dengine.tlog\cl.read.1.tlog
c:\users\user\desktop\academy_2q-project\d2dengine\x64\debug\d2dengine.tlog\cl.write.1.tlog
c:\users\user\desktop\academy_2q-project\d2dengine\x64\debug\d2dengine.tlog\lib-link.read.1.tlog
c:\users\user\desktop\academy_2q-project\d2dengine\x64\debug\d2dengine.tlog\lib-link.write.1.tlog
c:\users\user\desktop\academy_2q-project\d2dengine\x64\debug\d2dengine.tlog\lib.command.1.tlog
