  pch.cpp
  AABB.cpp
  BoxCollider.cpp
C:\Users\User\Desktop\Direct2D\D2DEngine\BoxCollider.h(5,7): warning C4250: 'BoxCollider': 우위에 따라 'Collider::Collider::Update'을(를) 상속합니다.
  Camera.cpp
  CircleCollider.cpp
  Collider.cpp
  Component.cpp
  D2DEngine.cpp
  D2DRenderer.cpp
C:\Users\User\Desktop\Direct2D\D2DEngine\D2DRenderer.cpp(252,18): warning C4267: '인수': 'size_t'에서 'UINT32'(으)로 변환하면서 데이터가 손실될 수 있습니다.
C:\Users\User\Desktop\Direct2D\D2DEngine\D2DRenderer.cpp(273,18): warning C4267: '인수': 'size_t'에서 'UINT32'(으)로 변환하면서 데이터가 손실될 수 있습니다.
  DeltaTime.cpp
  FiniteStateMachine.cpp
  GameObject.cpp
  InputManager.cpp
C:\Users\User\Desktop\Direct2D\D2DEngine\InputManager.cpp(108,23): warning C4244: '인수': 'LONG'에서 'FLOAT'(으)로 변환하면서 데이터가 손실될 수 있습니다.
  Movement.cpp
  Object.cpp
  PublicData.cpp
  ReferenceCounter.cpp
  Renderer.cpp
  ResourceManager.cpp
  Rigidbody2D.cpp
  Scene.cpp
  컴파일하고 있습니다...
  Sprite.cpp
  SpriteAnimation.cpp
C:\Users\User\Desktop\Direct2D\D2DEngine\SpriteAnimation.cpp(144,38): warning C4267: 'return': 'size_t'에서 'int'(으)로 변환하면서 데이터가 손실될 수 있습니다.
  SpriteAnimationAsset.cpp
  SpriteRenderer.cpp
  TestObject.cpp
  TextRenderer.cpp
  Texture.cpp
  Transform.cpp
  WinGameApp.cpp
C:\Users\User\Desktop\Direct2D\D2DEngine\WinGameApp.cpp(44,19): warning C4244: '초기화 중': 'UINT'에서 'float'(으)로 변환하면서 데이터가 손실될 수 있습니다.
C:\Users\User\Desktop\Direct2D\D2DEngine\WinGameApp.cpp(45,21): warning C4244: '초기화 중': 'int'에서 'float'(으)로 변환하면서 데이터가 손실될 수 있습니다.
C:\Users\User\Desktop\Direct2D\D2DEngine\WinGameApp.cpp(46,21): warning C4244: '초기화 중': 'int'에서 'float'(으)로 변환하면서 데이터가 손실될 수 있습니다.
C:\Users\User\Desktop\Direct2D\D2DEngine\WinGameApp.cpp(47,29): warning C4838: 'float'에서 'LONG'(으)로의 변환에는 축소 변환이 필요합니다.
C:\Users\User\Desktop\Direct2D\D2DEngine\WinGameApp.cpp(47,29): warning C4244: '초기화 중': 'float'에서 'LONG'(으)로 변환하면서 데이터가 손실될 수 있습니다.
C:\Users\User\Desktop\Direct2D\D2DEngine\WinGameApp.cpp(47,36): warning C4838: 'float'에서 'LONG'(으)로의 변환에는 축소 변환이 필요합니다.
C:\Users\User\Desktop\Direct2D\D2DEngine\WinGameApp.cpp(47,36): warning C4244: '초기화 중': 'float'에서 'LONG'(으)로 변환하면서 데이터가 손실될 수 있습니다.
C:\Users\User\Desktop\Direct2D\D2DEngine\WinGameApp.cpp(89,56): warning C4244: '인수': 'WPARAM'에서 'unsigned int'(으)로 변환하면서 데이터가 손실될 수 있습니다.
C:\Users\User\Desktop\Direct2D\D2DEngine\WinGameApp.cpp(93,54): warning C4244: '인수': 'WPARAM'에서 'unsigned int'(으)로 변환하면서 데이터가 손실될 수 있습니다.
C:\Users\User\Desktop\Direct2D\D2DEngine\WinGameApp.cpp(122,46): warning C4244: '+=': 'float'에서 'ULONGLONG'(으)로 변환하면서 데이터가 손실될 수 있습니다.
  D2DEngine.vcxproj -> C:\Users\User\Desktop\Direct2D\x64\Release\D2DEngine.lib
