c:\users\user\desktop\direct2d\d2dengine\x64\release\d2dengine.pch
c:\users\user\desktop\direct2d\x64\release\d2dengine.pdb
c:\users\user\desktop\direct2d\d2dengine\x64\release\pch.obj
c:\users\user\desktop\direct2d\d2dengine\x64\release\scene.obj
c:\users\user\desktop\direct2d\d2dengine\x64\release\rigidbody2d.obj
c:\users\user\desktop\direct2d\d2dengine\x64\release\resourcemanager.obj
c:\users\user\desktop\direct2d\d2dengine\x64\release\renderer.obj
c:\users\user\desktop\direct2d\d2dengine\x64\release\referencecounter.obj
c:\users\user\desktop\direct2d\d2dengine\x64\release\publicdata.obj
c:\users\user\desktop\direct2d\d2dengine\x64\release\object.obj
c:\users\user\desktop\direct2d\d2dengine\x64\release\movement.obj
c:\users\user\desktop\direct2d\d2dengine\x64\release\inputmanager.obj
c:\users\user\desktop\direct2d\d2dengine\x64\release\gameobject.obj
c:\users\user\desktop\direct2d\d2dengine\x64\release\finitestatemachine.obj
c:\users\user\desktop\direct2d\d2dengine\x64\release\deltatime.obj
c:\users\user\desktop\direct2d\d2dengine\x64\release\d2drenderer.obj
c:\users\user\desktop\direct2d\d2dengine\x64\release\d2dengine.obj
c:\users\user\desktop\direct2d\d2dengine\x64\release\component.obj
c:\users\user\desktop\direct2d\d2dengine\x64\release\collider.obj
c:\users\user\desktop\direct2d\d2dengine\x64\release\circlecollider.obj
c:\users\user\desktop\direct2d\d2dengine\x64\release\camera.obj
c:\users\user\desktop\direct2d\d2dengine\x64\release\boxcollider.obj
c:\users\user\desktop\direct2d\d2dengine\x64\release\aabb.obj
c:\users\user\desktop\direct2d\d2dengine\x64\release\wingameapp.obj
c:\users\user\desktop\direct2d\d2dengine\x64\release\transform.obj
c:\users\user\desktop\direct2d\d2dengine\x64\release\texture.obj
c:\users\user\desktop\direct2d\d2dengine\x64\release\textrenderer.obj
c:\users\user\desktop\direct2d\d2dengine\x64\release\testobject.obj
c:\users\user\desktop\direct2d\d2dengine\x64\release\spriterenderer.obj
c:\users\user\desktop\direct2d\d2dengine\x64\release\spriteanimationasset.obj
c:\users\user\desktop\direct2d\d2dengine\x64\release\spriteanimation.obj
c:\users\user\desktop\direct2d\d2dengine\x64\release\sprite.obj
c:\users\user\desktop\direct2d\x64\release\d2dengine.lib
c:\users\user\desktop\direct2d\d2dengine\x64\release\d2dengine.tlog\cl.command.1.tlog
c:\users\user\desktop\direct2d\d2dengine\x64\release\d2dengine.tlog\cl.items.tlog
c:\users\user\desktop\direct2d\d2dengine\x64\release\d2dengine.tlog\cl.read.1.tlog
c:\users\user\desktop\direct2d\d2dengine\x64\release\d2dengine.tlog\cl.write.1.tlog
c:\users\user\desktop\direct2d\d2dengine\x64\release\d2dengine.tlog\lib-link.read.1.tlog
c:\users\user\desktop\direct2d\d2dengine\x64\release\d2dengine.tlog\lib-link.write.1.tlog
c:\users\user\desktop\direct2d\d2dengine\x64\release\d2dengine.tlog\lib.command.1.tlog
