  DataManager.cpp
E:\Academy_2Q-Project\Pineapple_of_the_Comosus\DataManager.h(168,31): warning C4244: '=': 'double'에서 'float'(으)로 변환하면서 데이터가 손실될 수 있습니다.
E:\Academy_2Q-Project\Pineapple_of_the_Comosus\DataManager.h(172,29): warning C4244: '=': 'double'에서 'float'(으)로 변환하면서 데이터가 손실될 수 있습니다.
E:\Academy_2Q-Project\Pineapple_of_the_Comosus\DataManager.h(179,32): warning C4244: '=': 'double'에서 'float'(으)로 변환하면서 데이터가 손실될 수 있습니다.
E:\Academy_2Q-Project\Pineapple_of_the_Comosus\DataManager.h(182,29): warning C4244: '=': 'double'에서 'float'(으)로 변환하면서 데이터가 손실될 수 있습니다.
E:\Academy_2Q-Project\Pineapple_of_the_Comosus\DataManager.h(184,33): warning C4244: '=': 'double'에서 'float'(으)로 변환하면서 데이터가 손실될 수 있습니다.
  DayNightCycle.cpp
  Enemy.cpp
  Enemy_Bomber.cpp
  Enemy_Griffin.cpp
  Enemy_Heavy.cpp
  Enemy_Musket.cpp
  Enemy_Sword.cpp
  GameScene.cpp
  HarvestButton.cpp
  Hpbar.cpp
  MouseDownTest.cpp
  Mpbar.cpp
  Pineapple.cpp
E:\Academy_2Q-Project\Pineapple_of_the_Comosus\Pineapple.h(34,26): warning C4244: 'return': 'float'에서 'int'(으)로 변환하면서 데이터가 손실될 수 있습니다.
  Pineapple_of_the_Comosus.cpp
  StartScene.cpp
  testChar.cpp
  TestDropDown.cpp
  UpgradeItem.cpp
  WaveSystem.cpp
  코드를 생성하고 있습니다...
  컴파일하고 있습니다...
  Turret.cpp
  WinApp.cpp
E:\Academy_2Q-Project\D2DEngine\BoxCollider.h(5,7): warning C4250: 'BoxCollider': 우위에 따라 'Collider::Collider::Update'을(를) 상속합니다.
E:\Academy_2Q-Project\D2DEngine\CircleCollider.h(4,7): warning C4250: 'CircleCollider': 우위에 따라 'Collider::Collider::Update'을(를) 상속합니다.
E:\Academy_2Q-Project\Pineapple_of_the_Comosus\DataManager.h(168,31): warning C4244: '=': 'double'에서 'float'(으)로 변환하면서 데이터가 손실될 수 있습니다.
E:\Academy_2Q-Project\Pineapple_of_the_Comosus\DataManager.h(172,29): warning C4244: '=': 'double'에서 'float'(으)로 변환하면서 데이터가 손실될 수 있습니다.
E:\Academy_2Q-Project\Pineapple_of_the_Comosus\DataManager.h(179,32): warning C4244: '=': 'double'에서 'float'(으)로 변환하면서 데이터가 손실될 수 있습니다.
E:\Academy_2Q-Project\Pineapple_of_the_Comosus\DataManager.h(182,29): warning C4244: '=': 'double'에서 'float'(으)로 변환하면서 데이터가 손실될 수 있습니다.
E:\Academy_2Q-Project\Pineapple_of_the_Comosus\DataManager.h(184,33): warning C4244: '=': 'double'에서 'float'(으)로 변환하면서 데이터가 손실될 수 있습니다.
  WinApp2.cpp
E:\Academy_2Q-Project\D2DEngine\BoxCollider.h(5,7): warning C4250: 'BoxCollider': 우위에 따라 'Collider::Collider::Update'을(를) 상속합니다.
E:\Academy_2Q-Project\Pineapple_of_the_Comosus\DataManager.h(168,31): warning C4244: '=': 'double'에서 'float'(으)로 변환하면서 데이터가 손실될 수 있습니다.
E:\Academy_2Q-Project\Pineapple_of_the_Comosus\DataManager.h(172,29): warning C4244: '=': 'double'에서 'float'(으)로 변환하면서 데이터가 손실될 수 있습니다.
E:\Academy_2Q-Project\Pineapple_of_the_Comosus\DataManager.h(179,32): warning C4244: '=': 'double'에서 'float'(으)로 변환하면서 데이터가 손실될 수 있습니다.
E:\Academy_2Q-Project\Pineapple_of_the_Comosus\DataManager.h(182,29): warning C4244: '=': 'double'에서 'float'(으)로 변환하면서 데이터가 손실될 수 있습니다.
E:\Academy_2Q-Project\Pineapple_of_the_Comosus\DataManager.h(184,33): warning C4244: '=': 'double'에서 'float'(으)로 변환하면서 데이터가 손실될 수 있습니다.
  WinApp3.cpp
  코드를 생성하고 있습니다...
  Pineapple_of_the_Comosus.vcxproj -> E:\Academy_2Q-Project\x64\Debug\Pineapple_of_the_Comosus.exe
  'pwsh.exe'은(는) 내부 또는 외부 명령, 실행할 수 있는 프로그램, 또는
  배치 파일이 아닙니다.
